\BOOKMARK [1][-]{section.1}{\376\377\004\036\004\077\004\070\004\101\004\060\004\075\004\070\004\065\000\040\004\077\004\100\004\065\004\064\004\074\004\065\004\102\004\075\004\076\004\071\000\040\004\076\004\061\004\073\004\060\004\101\004\102\004\070}{}% 1
\BOOKMARK [2][-]{subsection.1.1}{\376\377\004\044\004\076\004\100\004\074\004\103\004\073\004\070\004\100\004\076\004\062\004\072\004\060\000\040\004\067\004\060\004\064\004\060\004\075\004\070\004\117}{section.1}% 2
\BOOKMARK [2][-]{subsection.1.2}{\376\377\004\032\004\076\004\075\004\072\004\100\004\065\004\102\004\070\004\067\004\060\004\106\004\070\004\117\000\040\004\077\004\100\004\065\004\064\004\074\004\065\004\102\004\075\004\076\004\071\000\040\004\076\004\061\004\073\004\060\004\101\004\102\004\070}{section.1}% 3
\BOOKMARK [2][-]{subsection.1.3}{\376\377\004\037\004\076\004\073\004\114\004\067\004\076\004\062\004\060\004\102\004\065\004\073\004\070\000\040\004\101\004\070\004\101\004\102\004\065\004\074\004\113}{section.1}% 4
\BOOKMARK [2][-]{subsection.1.4}{\376\377\004\041\004\100\004\076\004\072\004\070\000\040\004\105\004\100\004\060\004\075\004\065\004\075\004\070\004\117\000\040\004\070\004\075\004\104\004\076\004\100\004\074\004\060\004\106\004\070\004\070}{section.1}% 5
\BOOKMARK [2][-]{subsection.1.5}{\376\377\004\041\004\076\004\061\004\113\004\102\004\070\004\117\000,\000\040\004\070\004\067\004\074\004\065\004\075\004\117\004\116\004\111\004\070\004\065\000\040\004\101\004\076\004\101\004\102\004\076\004\117\004\075\004\070\004\065\000\040\004\061\004\060\004\067\004\113\000\040\004\064\004\060\004\075\004\075\004\113\004\105}{section.1}% 6
\BOOKMARK [2][-]{subsection.1.6}{\376\377\004\036\004\101\004\075\004\076\004\062\004\075\004\113\004\065\000\040\004\067\004\060\004\077\004\100\004\076\004\101\004\113\000\040\004\072\000\040\004\061\004\060\004\067\004\065\000\040\004\064\004\060\004\075\004\075\004\113\004\105\000\040\000\050\004\075\004\060\000\040\004\065\004\101\004\102\004\065\004\101\004\102\004\062\004\065\004\075\004\075\004\076\004\074\000\040\004\117\004\067\004\113\004\072\004\065\000\051}{section.1}% 7
\BOOKMARK [1][-]{section.2}{\376\377\004\032\004\076\004\075\004\106\004\065\004\077\004\102\004\103\004\060\004\073\004\114\004\075\004\076\000-\004\070\004\075\004\104\004\076\004\100\004\074\004\060\004\106\004\070\004\076\004\075\004\075\004\060\004\117\000\040\004\074\004\076\004\064\004\065\004\073\004\114\000\040\004\077\004\100\004\065\004\064\004\074\004\065\004\102\004\075\004\076\004\071\000\040\004\076\004\061\004\073\004\060\004\101\004\102\004\070}{}% 8
\BOOKMARK [2][-]{subsection.2.1}{\376\377\000E\000r\000-\004\064\004\070\004\060\004\063\004\100\004\060\004\074\004\074\004\060\000\040\004\074\004\076\004\064\004\065\004\073\004\070}{section.2}% 9
\BOOKMARK [2][-]{subsection.2.2}{\376\377\004\036\004\106\004\065\004\075\004\072\004\060\000\040\004\074\004\076\004\111\004\075\004\076\004\101\004\102\004\075\004\113\004\105\000\040\004\105\004\060\004\100\004\060\004\072\004\102\004\065\004\100\004\070\004\101\004\102\004\070\004\072\000\040\004\101\004\103\004\111\004\075\004\076\004\101\004\102\004\065\004\071\000\040\004\070\000\040\004\101\004\062\004\117\004\067\004\065\004\071}{section.2}% 10
\BOOKMARK [3][-]{subsubsection.2.2.1}{\376\377\004\036\004\106\004\065\004\075\004\072\004\060\000\040\004\074\004\076\004\111\004\075\004\076\004\101\004\102\004\075\004\113\004\105\000\040\004\105\004\060\004\100\004\060\004\072\004\102\004\065\004\100\004\070\004\101\004\102\004\070\004\072\000\040\004\101\004\103\004\111\004\075\004\076\004\101\004\102\004\065\004\071}{subsection.2.2}% 11
\BOOKMARK [3][-]{subsubsection.2.2.2}{\376\377\004\036\004\106\004\065\004\075\004\072\004\060\000\040\004\074\004\076\004\111\004\075\004\076\004\101\004\102\004\075\004\113\004\105\000\040\004\105\004\060\004\100\004\060\004\072\004\102\004\065\004\100\004\070\004\101\004\102\004\070\004\072\000\040\004\101\004\062\004\117\004\067\004\065\004\071}{subsection.2.2}% 12
\BOOKMARK [1][-]{section.3}{\376\377\004\032\004\076\004\075\004\106\004\065\004\077\004\102\004\103\004\060\004\073\004\114\004\075\004\076\004\065\000\040\004\077\004\100\004\076\004\065\004\072\004\102\004\070\004\100\004\076\004\062\004\060\004\075\004\070\004\065}{}% 13
\BOOKMARK [2][-]{subsection.3.1}{\376\377\004\037\004\100\004\070\004\075\004\117\004\102\004\113\004\065\000\040\004\077\004\100\004\076\004\065\004\072\004\102\004\075\004\113\004\065\000\040\004\101\004\076\004\063\004\073\004\060\004\110\004\065\004\075\004\070\004\117}{section.3}% 14
\BOOKMARK [2][-]{subsection.3.2}{\376\377\004\036\004\061\004\076\004\101\004\075\004\076\004\062\004\060\004\075\004\070\004\065\000\040\004\062\004\113\004\061\004\076\004\100\004\060\000\040\004\074\004\076\004\064\004\065\004\073\004\070\000\040\004\061\004\060\004\067\004\113\000\040\004\064\004\060\004\075\004\075\004\113\004\105}{section.3}% 15
\BOOKMARK [2][-]{subsection.3.3}{\376\377\004\030\004\101\004\077\004\076\004\073\004\114\004\067\004\103\004\065\004\074\004\113\004\065\000\040\004\062\000\040\004\101\004\070\004\101\004\102\004\065\004\074\004\065\000\040\004\072\004\076\004\064\004\070\004\104\004\070\004\072\004\060\004\102\004\076\004\100\004\113}{section.3}% 16
\BOOKMARK [2][-]{subsection.3.4}{\376\377\004\032\004\076\004\075\004\106\004\065\004\077\004\102\004\103\004\060\004\073\004\114\004\075\004\060\004\117\000\040\004\074\004\076\004\064\004\065\004\073\004\114\000\040\004\061\004\060\004\067\004\113\000\040\004\064\004\060\004\075\004\075\004\113\004\105}{section.3}% 17
\BOOKMARK [1][-]{section.4}{\376\377\004\033\004\076\004\063\004\070\004\107\004\065\004\101\004\072\004\076\004\065\000\040\004\077\004\100\004\076\004\065\004\072\004\102\004\070\004\100\004\076\004\062\004\060\004\075\004\070\004\065}{}% 18
\BOOKMARK [2][-]{subsection.4.1}{\376\377\000E\000r\000-\004\064\004\070\004\060\004\063\004\100\004\060\004\074\004\074\004\060\000\040\004\061\004\060\004\067\004\113\000\040\004\064\004\060\004\075\004\075\004\113\004\105\000\040\000\050\000l\000o\000g\000i\000c\000a\000l\000\051}{section.4}% 19
\BOOKMARK [2][-]{subsection.4.2}{\376\377\004\041\004\105\004\065\004\074\004\113\000\040\004\076\004\102\004\075\004\076\004\110\004\065\004\075\004\070\004\071\000\040\004\061\004\060\004\067\004\113\000\040\004\064\004\060\004\075\004\075\004\113\004\105\000\040\000\050\000p\000h\000y\000s\000i\000c\000a\000l\000\051}{section.4}% 20
\BOOKMARK [2][-]{subsection.4.3}{\376\377\004\041\004\105\004\065\004\074\004\060\000\040\004\100\004\065\004\073\004\117\004\106\004\070\004\076\004\075\004\075\004\076\004\071\000\040\004\061\004\060\004\067\004\113\000\040\004\064\004\060\004\075\004\075\004\113\004\105}{section.4}% 21
\BOOKMARK [2][-]{subsection.4.4}{\376\377\004\041\004\105\004\065\004\074\004\113\000\040\004\076\004\101\004\075\004\076\004\062\004\075\004\113\004\105\000\040\004\067\004\060\004\077\004\100\004\076\004\101\004\076\004\062\000\040\004\075\004\060\000\040\004\100\004\065\004\073\004\117\004\106\004\070\004\076\004\075\004\075\004\076\004\071\000\040\004\060\004\073\004\063\004\065\004\061\004\100\004\065}{section.4}% 22
\BOOKMARK [1][-]{section.5}{\376\377\004\044\004\070\004\067\004\070\004\107\004\065\004\101\004\072\004\076\004\065\000\040\004\077\004\100\004\076\004\065\004\072\004\102\004\070\004\100\004\076\004\062\004\060\004\075\004\070\004\065}{}% 23
\BOOKMARK [2][-]{subsection.5.1}{\376\377\004\036\004\061\004\076\004\101\004\075\004\076\004\062\004\060\004\075\004\070\004\065\000\040\004\062\004\113\004\061\004\076\004\100\004\060\000\040\004\072\004\076\004\075\004\072\004\100\004\065\004\102\004\075\004\076\004\071\000\040\004\041\004\043\004\021\004\024}{section.5}% 24
\BOOKMARK [2][-]{subsection.5.2}{\376\377\004\041\004\076\004\067\004\064\004\060\004\075\004\070\004\065\000\040\004\061\004\060\004\067\004\113\000\040\004\064\004\060\004\075\004\075\004\113\004\105}{section.5}% 25
\BOOKMARK [2][-]{subsection.5.3}{\376\377\004\041\004\076\004\067\004\064\004\060\004\075\004\070\004\065\000\040\004\102\004\060\004\061\004\073\004\070\004\106}{section.5}% 26
\BOOKMARK [2][-]{subsection.5.4}{\376\377\004\027\004\060\004\077\004\076\004\073\004\075\004\065\004\075\004\070\004\065\000\040\004\102\004\060\004\061\004\073\004\070\004\106\000.\000\040\000E\000T\000L\000-\004\077\004\100\004\076\004\106\004\065\004\101\004\101\004\113\000\040\004\067\004\060\004\063\004\100\004\103\004\067\004\072\004\070\000\040\004\061\004\060\004\067\004\113\000\040\004\064\004\060\004\075\004\075\004\113\004\105}{section.5}% 27
\BOOKMARK [2][-]{subsection.5.5}{\376\377\004\027\004\060\004\077\004\100\004\076\004\101\004\113\000\040\004\062\000\040\004\102\004\065\004\100\004\074\004\070\004\075\004\060\004\105\000\040\000S\000Q\000L}{section.5}% 28
\BOOKMARK [2][-]{subsection.5.6}{\376\377\004\036\004\106\004\065\004\075\004\072\004\060\000\040\004\100\004\060\004\067\004\074\004\065\004\100\004\076\004\062\000\040\004\061\004\060\004\067\004\113\000\040\004\064\004\060\004\075\004\075\004\113\004\105\000\040\004\070\000\040\004\072\004\060\004\066\004\064\004\076\004\063\004\076\000\040\004\070\004\067\000\040\004\104\004\060\004\071\004\073\004\076\004\062}{section.5}% 29
\BOOKMARK [1][-]{section.6}{\376\377\004\036\004\102\004\107\004\065\004\102\004\113}{}% 30
\BOOKMARK [2][-]{subsection.6.1}{\376\377\004\036\004\102\004\107\004\065\004\102\000\040\041\026\0001\000.\000\040\004\036\004\102\004\107\004\065\004\102\000\040\004\076\000\040\004\067\004\060\004\062\004\070\004\101\004\070\004\074\004\076\004\101\004\102\004\070\004\070\000\040\004\076\004\106\004\065\004\075\004\072\004\070\000\040\004\076\004\102\000\040\004\101\004\073\004\076\004\066\004\075\004\076\004\101\004\102\004\070\000\040\004\067\004\060\004\064\004\060\004\075\004\070\004\117}{section.6}% 31
\BOOKMARK [2][-]{subsection.6.2}{\376\377\004\036\004\102\004\107\004\065\004\102\000\040\041\026\0002\000.\000\040\004\036\004\102\004\107\004\065\004\102\000\040\004\076\000\040\004\101\004\102\004\060\004\102\004\103\004\101\004\076\004\105\000\040\004\115\004\072\004\067\004\060\004\074\004\065\004\075\004\076\004\062}{section.6}% 32
\BOOKMARK [2][-]{subsection.6.3}{\376\377\004\036\004\102\004\107\004\065\004\102\000\040\041\026\0003\000.\000\040\004\036\004\102\004\107\004\065\004\102\000\040\004\076\000\040\004\100\004\060\004\101\004\077\004\100\004\065\004\064\004\065\004\073\004\065\004\075\004\070\004\070\000\040\004\103\004\107\004\060\004\111\004\070\004\105\004\101\004\117\000\040\004\077\004\076\000\040\004\110\004\072\004\076\004\073\004\060\004\105}{section.6}% 33
\BOOKMARK [1][-]{section.7}{\376\377\004\037\004\100\004\070\004\073\004\076\004\066\004\065\004\075\004\070\004\065}{}% 34
\BOOKMARK [2][-]{subsection.7.1}{\376\377\004\041\004\076\004\067\004\064\004\060\004\075\004\070\004\065\000\040\004\061\004\060\004\067\004\113\000\040\004\064\004\060\004\075\004\075\004\113\004\105}{section.7}% 35
\BOOKMARK [2][-]{subsection.7.2}{\376\377\004\041\004\076\004\067\004\064\004\060\004\075\004\070\004\065\000\040\004\102\004\060\004\061\004\073\004\070\004\106}{section.7}% 36
\BOOKMARK [2][-]{subsection.7.3}{\376\377\004\027\004\060\004\077\004\076\004\073\004\075\004\065\004\075\004\070\004\065\000\040\004\102\004\060\004\061\004\073\004\070\004\106\000.\000\040\000E\000T\000L\000-\004\077\004\100\004\076\004\106\004\065\004\101\004\101\004\113\000\040\004\067\004\060\004\063\004\100\004\103\004\067\004\072\004\070\000\040\004\061\004\060\004\067\004\113\000\040\004\064\004\060\004\075\004\075\004\113\004\105}{section.7}% 37
\BOOKMARK [3][-]{subsubsection.7.3.1}{}{subsection.7.3}% 38
\BOOKMARK [3][-]{subsubsection.7.3.2}{}{subsection.7.3}% 39
\BOOKMARK [3][-]{subsubsection.7.3.3}{}{subsection.7.3}% 40
\BOOKMARK [3][-]{subsubsection.7.3.4}{}{subsection.7.3}% 41
\BOOKMARK [3][-]{subsubsection.7.3.5}{}{subsection.7.3}% 42
\BOOKMARK [2][-]{subsection.7.4}{\376\377\004\027\004\060\004\077\004\100\004\076\004\101\004\113\000\040\004\062\000\040\004\102\004\065\004\100\004\074\004\070\004\075\004\060\004\105\000\040\000S\000Q\000L}{section.7}% 43
\BOOKMARK [3][-]{subsubsection.7.4.1}{}{subsection.7.4}% 44
\BOOKMARK [3][-]{subsubsection.7.4.2}{}{subsection.7.4}% 45
\BOOKMARK [3][-]{subsubsection.7.4.3}{}{subsection.7.4}% 46
\BOOKMARK [3][-]{subsubsection.7.4.4}{}{subsection.7.4}% 47
\BOOKMARK [3][-]{subsubsection.7.4.5}{}{subsection.7.4}% 48
\BOOKMARK [3][-]{subsubsection.7.4.6}{}{subsection.7.4}% 49
\BOOKMARK [3][-]{subsubsection.7.4.7}{}{subsection.7.4}% 50
\BOOKMARK [3][-]{subsubsection.7.4.8}{}{subsection.7.4}% 51
